# JRE version: Java(TM) SE Runtime Environment (7.0_45-b18) (build 1.7.0_45-b18)
# Java VM: Java HotSpot(TM) Client VM (24.45-b08 mixed mode linux-x86 )
Heap
 def new generation   total 152768K, used 58184K [0x83790000, 0x8dd50000, 0x8e230000)
  eden space 135808K,  42% used [0x83790000, 0x87062238, 0x8bc30000)
  from space 16960K,   0% used [0x8ccc0000, 0x8ccc0000, 0x8dd50000)
  to   space 16960K,   0% used [0x8bc30000, 0x8bc30000, 0x8ccc0000)
 tenured generation   total 339336K, used 137673K [0x8e230000, 0xa2d92000, 0xa3790000)
   the space 339336K,  40% used [0x8e230000, 0x968a2580, 0x968a2600, 0xa2d92000)
 compacting perm gen  total 67328K, used 67297K [0xa3790000, 0xa7950000, 0xb3790000)
   the space 67328K,  99% used [0xa3790000, 0xa7948528, 0xa7948600, 0xa7950000)
GC Heap History (10 events):
Event: 27.053 GC heap before
{Heap before GC invocations=48 (full 14):
 def new generation   total 152768K, used 152768K [0x83790000, 0x8dd50000, 0x8e230000)
  eden space 135808K, 100% used [0x83790000, 0x8bc30000, 0x8bc30000)
  from space 16960K, 100% used [0x8bc30000, 0x8ccc0000, 0x8ccc0000)
  to   space 16960K,   0% used [0x8ccc0000, 0x8ccc0000, 0x8dd50000)
 tenured generation   total 339336K, used 243212K [0x8e230000, 0xa2d92000, 0xa3790000)
   the space 339336K,  71% used [0x8e230000, 0x9cfb3218, 0x9cfb3400, 0xa2d92000)
 compacting perm gen  total 65536K, used 65367K [0xa3790000, 0xa7790000, 0xb3790000)
   the space 65536K,  99% used [0xa3790000, 0xa7765df0, 0xa7765e00, 0xa7790000)
No shared spaces configured.
Event: 27.097 GC heap after
Heap after GC invocations=49 (full 14):
 def new generation   total 152768K, used 16960K [0x83790000, 0x8dd50000, 0x8e230000)
  eden space 135808K,   0% used [0x83790000, 0x83790000, 0x8bc30000)
  from space 16960K, 100% used [0x8ccc0000, 0x8dd50000, 0x8dd50000)
  to   space 16960K,   0% used [0x8bc30000, 0x8bc30000, 0x8ccc0000)
 tenured generation   total 339336K, used 260478K [0x8e230000, 0xa2d92000, 0xa3790000)
   the space 339336K,  76% used [0x8e230000, 0x9e08f818, 0x9e08fa00, 0xa2d92000)
 compacting perm gen  total 65536K, used 65367K [0xa3790000, 0xa7790000, 0xb3790000)
   the space 65536K,  99% used [0xa3790000, 0xa7765df0, 0xa7765e00, 0xa7790000)
No shared spaces configured.
}
Event: 27.618 GC heap before
{Heap before GC invocations=49 (full 14):
 def new generation   total 152768K, used 152768K [0x83790000, 0x8dd50000, 0x8e230000)
  eden space 135808K, 100% used [0x83790000, 0x8bc30000, 0x8bc30000)
  from space 16960K, 100% used [0x8ccc0000, 0x8dd50000, 0x8dd50000)
  to   space 16960K,   0% used [0x8bc30000, 0x8bc30000, 0x8ccc0000)
 tenured generation   total 339336K, used 260478K [0x8e230000, 0xa2d92000, 0xa3790000)
   the space 339336K,  76% used [0x8e230000, 0x9e08f818, 0x9e08fa00, 0xa2d92000)
 compacting perm gen  total 66048K, used 65815K [0xa3790000, 0xa7810000, 0xb3790000)
   the space 66048K,  99% used [0xa3790000, 0xa77d5c90, 0xa77d5e00, 0xa7810000)
No shared spaces configured.
Event: 27.692 GC heap after
Heap after GC invocations=50 (full 14):
 def new generation   total 152768K, used 16960K [0x83790000, 0x8dd50000, 0x8e230000)
  eden space 135808K,   0% used [0x83790000, 0x83790000, 0x8bc30000)
  from space 16960K, 100% used [0x8bc30000, 0x8ccc0000, 0x8ccc0000)
  to   space 16960K,   0% used [0x8ccc0000, 0x8ccc0000, 0x8dd50000)
 tenured generation   total 339336K, used 280760K [0x8e230000, 0xa2d92000, 0xa3790000)
   the space 339336K,  82% used [0x8e230000, 0x9f45e130, 0x9f45e200, 0xa2d92000)
 compacting perm gen  total 66048K, used 65815K [0xa3790000, 0xa7810000, 0xb3790000)
   the space 66048K,  99% used [0xa3790000, 0xa77d5c90, 0xa77d5e00, 0xa7810000)
No shared spaces configured.
}
Event: 28.104 GC heap before
{Heap before GC invocations=50 (full 14):
 def new generation   total 152768K, used 152768K [0x83790000, 0x8dd50000, 0x8e230000)
  eden space 135808K, 100% used [0x83790000, 0x8bc30000, 0x8bc30000)
  from space 16960K, 100% used [0x8bc30000, 0x8ccc0000, 0x8ccc0000)
  to   space 16960K,   0% used [0x8ccc0000, 0x8ccc0000, 0x8dd50000)
 tenured generation   total 339336K, used 280760K [0x8e230000, 0xa2d92000, 0xa3790000)
   the space 339336K,  82% used [0x8e230000, 0x9f45e130, 0x9f45e200, 0xa2d92000)
 compacting perm gen  total 66304K, used 66094K [0xa3790000, 0xa7850000, 0xb3790000)
   the space 66304K,  99% used [0xa3790000, 0xa781b920, 0xa781ba00, 0xa7850000)
No shared spaces configured.
Event: 28.142 GC heap after
Heap after GC invocations=51 (full 14):
 def new generation   total 152768K, used 1548K [0x83790000, 0x8dd50000, 0x8e230000)
  eden space 135808K,   0% used [0x83790000, 0x83790000, 0x8bc30000)
  from space 16960K,   9% used [0x8ccc0000, 0x8ce43078, 0x8dd50000)
  to   space 16960K,   0% used [0x8bc30000, 0x8bc30000, 0x8ccc0000)
 tenured generation   total 339336K, used 296589K [0x8e230000, 0xa2d92000, 0xa3790000)
   the space 339336K,  87% used [0x8e230000, 0xa03d35f0, 0xa03d3600, 0xa2d92000)
 compacting perm gen  total 66304K, used 66094K [0xa3790000, 0xa7850000, 0xb3790000)
   the space 66304K,  99% used [0xa3790000, 0xa781b920, 0xa781ba00, 0xa7850000)
No shared spaces configured.
}
Event: 68.411 GC heap before
{Heap before GC invocations=51 (full 14):
 def new generation   total 152768K, used 77563K [0x83790000, 0x8dd50000, 0x8e230000)
  eden space 135808K,  55% used [0x83790000, 0x881cbd38, 0x8bc30000)
  from space 16960K,   9% used [0x8ccc0000, 0x8ce43078, 0x8dd50000)
  to   space 16960K,   0% used [0x8bc30000, 0x8bc30000, 0x8ccc0000)
 tenured generation   total 339336K, used 296589K [0x8e230000, 0xa2d92000, 0xa3790000)
   the space 339336K,  87% used [0x8e230000, 0xa03d35f0, 0xa03d3600, 0xa2d92000)
 compacting perm gen  total 66560K, used 66483K [0xa3790000, 0xa7890000, 0xb3790000)
   the space 66560K,  99% used [0xa3790000, 0xa787ce68, 0xa787d000, 0xa7890000)
No shared spaces configured.
Event: 68.874 GC heap after
Heap after GC invocations=52 (full 15):
 def new generation   total 152768K, used 0K [0x83790000, 0x8dd50000, 0x8e230000)
  eden space 135808K,   0% used [0x83790000, 0x83790000, 0x8bc30000)
  from space 16960K,   0% used [0x8ccc0000, 0x8ccc0000, 0x8dd50000)
  to   space 16960K,   0% used [0x8bc30000, 0x8bc30000, 0x8ccc0000)
 tenured generation   total 339336K, used 152678K [0x8e230000, 0xa2d92000, 0xa3790000)
   the space 339336K,  44% used [0x8e230000, 0x97749a90, 0x97749c00, 0xa2d92000)
 compacting perm gen  total 66560K, used 66483K [0xa3790000, 0xa7890000, 0xb3790000)
   the space 66560K,  99% used [0xa3790000, 0xa787ce68, 0xa787d000, 0xa7890000)
No shared spaces configured.
}
Event: 128.413 GC heap before
{Heap before GC invocations=52 (full 15):
 def new generation   total 152768K, used 120886K [0x83790000, 0x8dd50000, 0x8e230000)
  eden space 135808K,  89% used [0x83790000, 0x8ad9d930, 0x8bc30000)
  from space 16960K,   0% used [0x8ccc0000, 0x8ccc0000, 0x8dd50000)
  to   space 16960K,   0% used [0x8bc30000, 0x8bc30000, 0x8ccc0000)
 tenured generation   total 339336K, used 152678K [0x8e230000, 0xa2d92000, 0xa3790000)
   the space 339336K,  44% used [0x8e230000, 0x97749a90, 0x97749c00, 0xa2d92000)
 compacting perm gen  total 66816K, used 66695K [0xa3790000, 0xa78d0000, 0xb3790000)
   the space 66816K,  99% used [0xa3790000, 0xa78b1d80, 0xa78b1e00, 0xa78d0000)
No shared spaces configured.
Event: 128.860 GC heap after
Heap after GC invocations=53 (full 16):
 def new generation   total 152768K, used 0K [0x83790000, 0x8dd50000, 0x8e230000)
  eden space 135808K,   0% used [0x83790000, 0x83790000, 0x8bc30000)
  from space 16960K,   0% used [0x8ccc0000, 0x8ccc0000, 0x8dd50000)
  to   space 16960K,   0% used [0x8bc30000, 0x8bc30000, 0x8ccc0000)
 tenured generation   total 339336K, used 137673K [0x8e230000, 0xa2d92000, 0xa3790000)
   the space 339336K,  40% used [0x8e230000, 0x968a2580, 0x968a2600, 0xa2d92000)
 compacting perm gen  total 66304K, used 66107K [0xa3790000, 0xa7850000, 0xb3790000)
   the space 66304K,  99% used [0xa3790000, 0xa781ee50, 0xa781f000, 0xa7850000)
No shared spaces configured.
}

